Release 9.2i - xst J.36
Copyright (c) 1995-2007 Xilinx, Inc.  All rights reserved.
--> Parameter TMPDIR set to ./xst/projnav.tmp
CPU : 0.00 / 0.32 s | Elapsed : 0.00 / 1.00 s
 
--> Parameter xsthdpdir set to ./xst
CPU : 0.00 / 0.32 s | Elapsed : 0.00 / 1.00 s
 
--> Reading design: CMOS1st.prj

TABLE OF CONTENTS
  1) Synthesis Options Summary
  2) HDL Compilation
  3) Design Hierarchy Analysis
  4) HDL Analysis
  5) HDL Synthesis
     5.1) HDL Synthesis Report
  6) Advanced HDL Synthesis
     6.1) Advanced HDL Synthesis Report
  7) Low Level Synthesis
  8) Partition Report
  9) Final Report

=========================================================================
*                      Synthesis Options Summary                        *
=========================================================================
---- Source Parameters
Input File Name                    : "CMOS1st.prj"
Input Format                       : mixed
Ignore Synthesis Constraint File   : NO

---- Target Parameters
Output File Name                   : "CMOS1st"
Output Format                      : NGC
Target Device                      : Automotive 9500XL

---- Source Options
Top Module Name                    : CMOS1st
Automatic FSM Extraction           : YES
FSM Encoding Algorithm             : Auto
Safe Implementation                : No
Mux Extraction                     : YES
Resource Sharing                   : YES

---- Target Options
Add IO Buffers                     : YES
MACRO Preserve                     : YES
XOR Preserve                       : YES
Equivalent register Removal        : YES

---- General Options
Optimization Goal                  : Speed
Optimization Effort                : 1
Library Search Order               : CMOS1st.lso
Keep Hierarchy                     : YES
RTL Output                         : Yes
Hierarchy Separator                : /
Bus Delimiter                      : <>
Case Specifier                     : maintain
Verilog 2001                       : YES

---- Other Options
Clock Enable                       : YES
wysiwyg                            : NO

=========================================================================


=========================================================================
*                          HDL Compilation                              *
=========================================================================
Compiling verilog file "CMOS1st.v" in library work
Module <CMOS1st> compiled
No errors in compilation
Analysis of file <"CMOS1st.prj"> succeeded.
 

=========================================================================
*                     Design Hierarchy Analysis                         *
=========================================================================
Analyzing hierarchy for module <CMOS1st> in library <work>.


=========================================================================
*                            HDL Analysis                               *
=========================================================================
Analyzing top module <CMOS1st>.
WARNING:Xst:863 - "CMOS1st.v" line 22: Name conflict (<a> and <A>, renaming a as a_rnm0).
WARNING:Xst:863 - "CMOS1st.v" line 23: Name conflict (<b> and <B>, renaming b as b_rnm0).
WARNING:Xst:863 - "CMOS1st.v" line 24: Name conflict (<c> and <C>, renaming c as c_rnm0).
WARNING:Xst:863 - "CMOS1st.v" line 25: Name conflict (<d> and <D>, renaming d as d_rnm0).
ERROR:Xst:850 - "CMOS1st.v" line 30: Unsupported Switch or User Defined Primitive. 
ERROR:Xst:850 - "CMOS1st.v" line 31: Unsupported Switch or User Defined Primitive. 
ERROR:Xst:850 - "CMOS1st.v" line 32: Unsupported Switch or User Defined Primitive. 
ERROR:Xst:850 - "CMOS1st.v" line 33: Unsupported Switch or User Defined Primitive. 
ERROR:Xst:850 - "CMOS1st.v" line 34: Unsupported Switch or User Defined Primitive. 
ERROR:Xst:850 - "CMOS1st.v" line 35: Unsupported Switch or User Defined Primitive. 
 
Found 6 error(s). Aborting synthesis.
--> 

Total memory usage is 177912 kilobytes

Number of errors   :    6 (   0 filtered)
Number of warnings :    4 (   0 filtered)
Number of infos    :    0 (   0 filtered)

