 command line:
   ./SyncTB_v_isim_beh.exe
     -intstyle  ise
     -ipchost  localhost
     -ipcport  62630

Tue Nov 02 11:52:08 2021

Total Line Count : 85

 Elaboration time : 0.015625 sec.

 Estimate current memory usage : 158.167 Meg. 

 Total Signals          : 42
 Total Nets             : 21
 Total Signal Drivers   : 16
 Total Blocks           : 7
 Total Primitive Blocks : 5
 Total Processes        : 20
 Total Traceable Variables  : 19
 Total Scalar Nets and Variables : 102
ntrace select -o on -m / -l this 
ntrace start 
isimrun 1000 ns 
Simulator is doing circuit initialization process.
Finished circuit initialization process.

 Simulation time 0.0625 sec.

 Estimate current memory usage : 163.639 Meg. 

Tue Nov 02 11:55:45 2021

